#
# There is insufficient memory for the Java Runtime Environment to continue.
# Native memory allocation (mmap) failed to map 65536 bytes for Failed to commit metaspace.
# Possible reasons:
#   The system is out of physical RAM or swap space
#   The process is running with CompressedOops enabled, and the Java Heap may be blocking the growth of the native heap
# Possible solutions:
#   Reduce memory load on the system
#   Increase physical memory or swap space
#   Check if swap backing store is full
#   Decrease Java heap size (-Xmx/-Xms)
#   Decrease number of Java threads
#   Decrease Java thread stack sizes (-Xss)
#   Set larger code cache with -XX:ReservedCodeCacheSize=
#   JVM is running with Zero Based Compressed Oops mode in which the Java heap is
#     placed in the first 32GB address space. The Java Heap base address is the
#     maximum limit for the native heap growth. Please use -XX:HeapBaseMinAddress
#     to set the Java Heap base and to place the Java Heap above 32GB virtual address.
# This output file may be truncated or incomplete.
#
#  Out of Memory Error (virtualSpaceNode.cpp:112), pid=12524, tid=3452
#
# JRE version: Java(TM) SE Runtime Environment (21.0.1+12) (build 21.0.1+12-LTS-29)
# Java VM: Java HotSpot(TM) 64-Bit Server VM (21.0.1+12-LTS-29, mixed mode, emulated-client, sharing, tiered, compressed oops, compressed class ptrs, g1 gc, windows-amd64)
# No core dump will be written. Minidumps are not enabled by default on client versions of Windows
#

---------------  S U M M A R Y ------------

Command Line: -XX:TieredStopAtLevel=1 -Dspring.output.ansi.enabled=always -Dcom.sun.management.jmxremote -Dspring.jmx.enabled=true -Dspring.liveBeansView.mbeanDomain -Dspring.application.admin.enabled=true -Dmanagement.endpoints.jmx.exposure.include=* -javaagent:C:\Program Files\JetBrains\IntelliJ IDEA 2023.2.2\lib\idea_rt.jar=64942:C:\Program Files\JetBrains\IntelliJ IDEA 2023.2.2\bin -Dfile.encoding=UTF-8 -Dsun.stdout.encoding=UTF-8 -Dsun.stderr.encoding=UTF-8 it.unisa.HAYT.HaytApplication

Host: AMD Ryzen 7 5700U with Radeon Graphics         , 16 cores, 15G,  Windows 11 , 64 bit Build 22621 (10.0.22621.4391)
Time: Mon Feb 10 22:43:59 2025 ora solare Europa occidentale elapsed time: 0.761650 seconds (0d 0h 0m 0s)

---------------  T H R E A D  ---------------

Current thread (0x000001da60b6b930):  JavaThread "main"             [_thread_in_vm, id=3452, stack(0x00000032b8200000,0x00000032b8300000) (1024K)]

Stack: [0x00000032b8200000,0x00000032b8300000]
Native frames: (J=compiled Java code, j=interpreted, Vv=VM code, C=native code)
V  [jvm.dll+0x6c9029]
V  [jvm.dll+0x854b81]
V  [jvm.dll+0x856e5e]
V  [jvm.dll+0x857543]
V  [jvm.dll+0x280c06]
V  [jvm.dll+0x8508ae]
V  [jvm.dll+0x66ca45]
V  [jvm.dll+0x1e677c]
V  [jvm.dll+0x1e654e]
V  [jvm.dll+0x66f35c]
V  [jvm.dll+0x66f172]
V  [jvm.dll+0x66d41e]
V  [jvm.dll+0x67e389]
V  [jvm.dll+0x67782e]
V  [jvm.dll+0x3d3f61]
C  0x000001da6b29b779

The last pc belongs to method entry point (kind = zerolocals) (printed below).
Java frames: (J=compiled Java code, j=interpreted, Vv=VM code)
j  org.springframework.format.datetime.standard.DateTimeConverters$LongToInstantConverter.<init>()V+0
j  org.springframework.format.datetime.standard.DateTimeConverters.registerConverters(Lorg/springframework/core/convert/converter/ConverterRegistry;)V+243
j  org.springframework.format.datetime.standard.DateTimeFormatterRegistrar.registerFormatters(Lorg/springframework/format/FormatterRegistry;)V+1
j  org.springframework.format.support.DefaultFormattingConversionService.addDefaultFormatters(Lorg/springframework/format/FormatterRegistry;)V+66
j  org.springframework.boot.convert.ApplicationConversionService.configure(Lorg/springframework/format/FormatterRegistry;)V+5
j  org.springframework.boot.convert.ApplicationConversionService.<init>(Lorg/springframework/util/StringValueResolver;Z)V+14
j  org.springframework.boot.convert.ApplicationConversionService.<init>(Lorg/springframework/util/StringValueResolver;)V+3
j  org.springframework.boot.convert.ApplicationConversionService.<init>()V+2
j  org.springframework.boot.SpringApplication.configureEnvironment(Lorg/springframework/core/env/ConfigurableEnvironment;[Ljava/lang/String;)V+12
j  org.springframework.boot.SpringApplication.prepareEnvironment(Lorg/springframework/boot/SpringApplicationRunListeners;Lorg/springframework/boot/DefaultBootstrapContext;Lorg/springframework/boot/ApplicationArguments;)Lorg/springframework/core/env/ConfigurableEnvironment;+15
j  org.springframework.boot.SpringApplication.run([Ljava/lang/String;)Lorg/springframework/context/ConfigurableApplicationContext;+65
j  org.springframework.boot.SpringApplication.run([Ljava/lang/Class;[Ljava/lang/String;)Lorg/springframework/context/ConfigurableApplicationContext;+9
j  org.springframework.boot.SpringApplication.run(Ljava/lang/Class;[Ljava/lang/String;)Lorg/springframework/context/ConfigurableApplicationContext;+9
j  it.unisa.HAYT.HaytApplication.main([Ljava/lang/String;)V+3
v  ~StubRoutines::call_stub 0x000001da6b29100d
method entry point (kind = zerolocals)  [0x000001da6b29b660, 0x000001da6b29b950]  752 bytes
[MachCode]
  0x000001da6b29b660: 488b 5308 | 0fb7 4a2e | 0fb7 522c | 2bd1 81fa | f501 0000 | 0f86 2500 | 0000 488b | c248 c1e0 
  0x000001da6b29b680: 0348 83c0 | 5849 0387 | d004 0000 | 483b e00f | 870a 0000 | 0058 498b | e550 e9e1 | afff ff58 
  0x000001da6b29b6a0: 4c8d 74cc | f885 d20f | 8e09 0000 | 0068 0000 | 0000 ffca | 7ff7 5055 | 488b ec41 | 5568 0000 
  0x000001da6b29b6c0: 0000 4c8b | 6b08 4d8d | 6d38 5348 | 8b53 0848 | 8b52 0848 | 8b52 1848 | 8b52 7048 | 8b12 5268 
  0x000001da6b29b6e0: 0000 0000 | 488b 5308 | 488b 5208 | 488b 5210 | 5249 8bc6 | 482b c548 | c1e8 0350 | 4155 6800 
  0x000001da6b29b700: 0000 0048 | 8924 2441 | c687 7904 | 0000 0148 | 8b43 1848 | 85c0 0f85 | b000 0000 | e805 0000 
  0x000001da6b29b720: 00e9 9900 | 0000 488b | d348 8d44 | 2408 4c89 | 6dc0 498b | cfc5 f877 | 4989 afa8 | 0300 0049 
  0x000001da6b29b740: 8987 9803 | 0000 4883 | ec20 40f6 | c40f 0f84 | 1900 0000 | 4883 ec08 | 48b8 403f | 9ff7 f87f 
  0x000001da6b29b760: 0000 ffd0 | 4883 c408 | e90c 0000 | 0048 b840 | 3f9f f7f8 | 7f00 00ff | d048 83c4 | 2049 c787 
  0x000001da6b29b780: 9803 0000 | 0000 0000 | 49c7 87a8 | 0300 0000 | 0000 0049 | c787 a003 | 0000 0000 | 0000 c5f8 
  0x000001da6b29b7a0: 7749 837f | 0800 0f84 | 0500 0000 | e94f 57ff | ff4c 8b6d | c04c 8b75 | c84e 8d74 | f500 c348 
  0x000001da6b29b7c0: 8b43 1848 | 85c0 0f84 | 1200 0000 | 8b48 0883 | c102 8948 | 0823 481c | 0f84 c200 | 0000 493b 
  0x000001da6b29b7e0: a7e8 0400 | 000f 8748 | 0000 0089 | 8424 00f0 | ffff 8984 | 2400 e0ff | ff89 8424 | 00d0 ffff 
  0x000001da6b29b800: 8984 2400 | c0ff ff89 | 8424 00b0 | ffff 8984 | 2400 a0ff | ff89 8424 | 0090 ffff | 8984 2400 
  0x000001da6b29b820: 80ff ff49 | 3ba7 e004 | 0000 7607 | 4989 a7e8 | 0400 0041 | c687 7904 | 0000 0049 | bac9 2524 
  0x000001da6b29b840: f8f8 7f00 | 0041 803a | 000f 843e | 0000 0048 | 8b55 e849 | 8bcf 4883 | ec20 40f6 | c40f 0f84 
  0x000001da6b29b860: 1900 0000 | 4883 ec08 | 48b8 30eb | d4f7 f87f | 0000 ffd0 | 4883 c408 | e90c 0000 | 0048 b830 
  0x000001da6b29b880: ebd4 f7f8 | 7f00 00ff | d048 83c4 | 2041 0fb6 | 5d00 49ba | 80e7 26f8 | f87f 0000 | 41ff 24da 
  0x000001da6b29b8a0: ba00 0000 | 00e8 0500 | 0000 e996 | 0000 0048 | 8d44 2408 | 4c89 6dc0 | 498b cfc5 | f877 4989 
  0x000001da6b29b8c0: afa8 0300 | 0049 8987 | 9803 0000 | 4883 ec20 | 40f6 c40f | 0f84 1900 | 0000 4883 | ec08 48b8 
  0x000001da6b29b8e0: c049 9ff7 | f87f 0000 | ffd0 4883 | c408 e90c | 0000 0048 | b8c0 499f | f7f8 7f00 | 00ff d048 
  0x000001da6b29b900: 83c4 2049 | c787 9803 | 0000 0000 | 0000 49c7 | 87a8 0300 | 0000 0000 | 0049 c787 | a003 0000 
  0x000001da6b29b920: 0000 0000 | c5f8 7749 | 837f 0800 | 0f84 0500 | 0000 e9c9 | 55ff ff4c | 8b6d c04c | 8b75 c84e 
  0x000001da6b29b940: 8d74 f500 | c348 8b5d | e8e9 90fe | ffff 6690 
[/MachCode]

---------------  P R O C E S S  ---------------

Threads class SMR info:
_java_thread_list=0x000001da7b298d10, length=15, elements={
0x000001da60b6b930, 0x000001da75a5d010, 0x000001da75a5d940, 0x000001da75a5f9d0,
0x000001da75a62570, 0x000001da75a68550, 0x000001da75a70020, 0x000001da75a72020,
0x000001da75a6f990, 0x000001da767fd3e0, 0x000001da767fda90, 0x000001da76864b60,
0x000001da75a70d40, 0x000001da75a6e5e0, 0x000001da75a6ec70
}

Java Threads: ( => current thread )
=>0x000001da60b6b930 JavaThread "main"                              [_thread_in_vm, id=3452, stack(0x00000032b8200000,0x00000032b8300000) (1024K)]
  0x000001da75a5d010 JavaThread "Reference Handler"          daemon [_thread_blocked, id=12580, stack(0x00000032b8a00000,0x00000032b8b00000) (1024K)]
  0x000001da75a5d940 JavaThread "Finalizer"                  daemon [_thread_blocked, id=5780, stack(0x00000032b8b00000,0x00000032b8c00000) (1024K)]
  0x000001da75a5f9d0 JavaThread "Signal Dispatcher"          daemon [_thread_blocked, id=2784, stack(0x00000032b8c00000,0x00000032b8d00000) (1024K)]
  0x000001da75a62570 JavaThread "Attach Listener"            daemon [_thread_blocked, id=16032, stack(0x00000032b8d00000,0x00000032b8e00000) (1024K)]
  0x000001da75a68550 JavaThread "Service Thread"             daemon [_thread_blocked, id=3448, stack(0x00000032b8e00000,0x00000032b8f00000) (1024K)]
  0x000001da75a70020 JavaThread "Monitor Deflation Thread"   daemon [_thread_blocked, id=3252, stack(0x00000032b8f00000,0x00000032b9000000) (1024K)]
  0x000001da75a72020 JavaThread "C1 CompilerThread0"         daemon [_thread_blocked, id=5856, stack(0x00000032b9000000,0x00000032b9100000) (1024K)]
  0x000001da75a6f990 JavaThread "Common-Cleaner"             daemon [_thread_blocked, id=5908, stack(0x00000032b9100000,0x00000032b9200000) (1024K)]
  0x000001da767fd3e0 JavaThread "C1 CompilerThread1"         daemon [_thread_blocked, id=8348, stack(0x00000032b9200000,0x00000032b9300000) (1024K)]
  0x000001da767fda90 JavaThread "C1 CompilerThread2"         daemon [_thread_blocked, id=8800, stack(0x00000032b9300000,0x00000032b9400000) (1024K)]
  0x000001da76864b60 JavaThread "C1 CompilerThread3"         daemon [_thread_blocked, id=9744, stack(0x00000032b9400000,0x00000032b9500000) (1024K)]
  0x000001da75a70d40 JavaThread "Monitor Ctrl-Break"         daemon [_thread_in_native, id=13984, stack(0x00000032b9500000,0x00000032b9600000) (1024K)]
  0x000001da75a6e5e0 JavaThread "Notification Thread"        daemon [_thread_blocked, id=8740, stack(0x00000032b9600000,0x00000032b9700000) (1024K)]
  0x000001da75a6ec70 JavaThread "RMI TCP Accept-0"           daemon [_thread_in_native, id=13540, stack(0x00000032b9700000,0x00000032b9800000) (1024K)]
Total: 15

Other Threads:
  0x000001da75a3afc0 VMThread "VM Thread"                           [id=1228, stack(0x00000032b8900000,0x00000032b8a00000) (1024K)]
  0x000001da75a26070 WatcherThread "VM Periodic Task Thread"        [id=4000, stack(0x00000032b8800000,0x00000032b8900000) (1024K)]
  0x000001da62ea9f90 WorkerThread "GC Thread#0"                     [id=10784, stack(0x00000032b8300000,0x00000032b8400000) (1024K)]
  0x000001da7b4f68e0 WorkerThread "GC Thread#1"                     [id=7100, stack(0x00000032b9800000,0x00000032b9900000) (1024K)]
  0x000001da7b4cc460 WorkerThread "GC Thread#2"                     [id=2864, stack(0x00000032b9900000,0x00000032b9a00000) (1024K)]
  0x000001da7b4cda50 WorkerThread "GC Thread#3"                     [id=4852, stack(0x00000032b9a00000,0x00000032b9b00000) (1024K)]
  0x000001da7b4cddf0 WorkerThread "GC Thread#4"                     [id=7796, stack(0x00000032b9b00000,0x00000032b9c00000) (1024K)]
  0x000001da7b51f620 WorkerThread "GC Thread#5"                     [id=13408, stack(0x00000032b9c00000,0x00000032b9d00000) (1024K)]
  0x000001da7b51fdd0 WorkerThread "GC Thread#6"                     [id=11664, stack(0x00000032b9d00000,0x00000032b9e00000) (1024K)]
  0x000001da62eba4b0 ConcurrentGCThread "G1 Main Marker"            [id=17460, stack(0x00000032b8400000,0x00000032b8500000) (1024K)]
  0x000001da62ebb160 WorkerThread "G1 Conc#0"                       [id=2320, stack(0x00000032b8500000,0x00000032b8600000) (1024K)]
  0x000001da758f83e0 ConcurrentGCThread "G1 Refine#0"               [id=6108, stack(0x00000032b8600000,0x00000032b8700000) (1024K)]
  0x000001da758fa820 ConcurrentGCThread "G1 Service"                [id=16728, stack(0x00000032b8700000,0x00000032b8800000) (1024K)]
Total: 13

Threads with active compile tasks:
Total: 0

VM state: not at safepoint (normal execution)

VM Mutex/Monitor currently owned by a thread:  ([mutex/lock_event])
[0x00007ff8f8258578] Metaspace_lock - owner thread: 0x000001da60b6b930

Heap address: 0x000000070ac00000, size: 3924 MB, Compressed Oops mode: Zero based, Oop shift amount: 3

CDS archive(s) mapped at: [0x000001da00000000-0x000001da00c90000-0x000001da00c90000), size 13172736, SharedBaseAddress: 0x000001da00000000, ArchiveRelocationMode: 1.
Compressed class space mapped at: 0x000001da01000000-0x000001da41000000, reserved size: 1073741824
Narrow klass base: 0x000001da00000000, Narrow klass shift: 0, Narrow klass range: 0x100000000

GC Precious Log:
 CardTable entry size: 512
 Card Set container configuration: InlinePtr #cards 4 size 8 Array Of Cards #cards 16 size 48 Howl #buckets 8 coarsen threshold 3686 Howl Bitmap #cards 512 size 80 coarsen threshold 460 Card regions per heap region 1 cards per card region 4096
 CPUs: 16 total, 16 available
 Memory: 15693M
 Large Page Support: Disabled
 NUMA Support: Disabled
 Compressed Oops: Enabled (Zero based)
 Heap Region Size: 2M
 Heap Min Capacity: 8M
 Heap Initial Capacity: 246M
 Heap Max Capacity: 3924M
 Pre-touch: Disabled
 Parallel Workers: 13
 Concurrent Workers: 3
 Concurrent Refinement Workers: 13
 Periodic GC: Disabled

Heap:
 garbage-first heap   total 251904K, used 15743K [0x000000070ac00000, 0x0000000800000000)
  region size 2048K, 7 young (14336K), 2 survivors (4096K)
 Metaspace       used 8500K, committed 8768K, reserved 1114112K
  class space    used 1060K, committed 1216K, reserved 1048576K

Heap Regions: E=young(eden), S=young(survivor), O=old, HS=humongous(starts), HC=humongous(continues), CS=collection set, F=free, TAMS=top-at-mark-start, PB=parsable bottom
|   0|0x000000070ac00000, 0x000000070ae00000, 0x000000070ae00000|100%| O|  |TAMS 0x000000070ac00000| PB 0x000000070ac00000| Untracked 
|   1|0x000000070ae00000, 0x000000070af5fdd0, 0x000000070b000000| 68%| O|  |TAMS 0x000000070ae00000| PB 0x000000070ae00000| Untracked 
|   2|0x000000070b000000, 0x000000070b000000, 0x000000070b200000|  0%| F|  |TAMS 0x000000070b000000| PB 0x000000070b000000| Untracked 
|   3|0x000000070b200000, 0x000000070b200000, 0x000000070b400000|  0%| F|  |TAMS 0x000000070b200000| PB 0x000000070b200000| Untracked 
|   4|0x000000070b400000, 0x000000070b400000, 0x000000070b600000|  0%| F|  |TAMS 0x000000070b400000| PB 0x000000070b400000| Untracked 
|   5|0x000000070b600000, 0x000000070b600000, 0x000000070b800000|  0%| F|  |TAMS 0x000000070b600000| PB 0x000000070b600000| Untracked 
|   6|0x000000070b800000, 0x000000070b800000, 0x000000070ba00000|  0%| F|  |TAMS 0x000000070b800000| PB 0x000000070b800000| Untracked 
|   7|0x000000070ba00000, 0x000000070ba00000, 0x000000070bc00000|  0%| F|  |TAMS 0x000000070ba00000| PB 0x000000070ba00000| Untracked 
|   8|0x000000070bc00000, 0x000000070bc00000, 0x000000070be00000|  0%| F|  |TAMS 0x000000070bc00000| PB 0x000000070bc00000| Untracked 
|   9|0x000000070be00000, 0x000000070be00000, 0x000000070c000000|  0%| F|  |TAMS 0x000000070be00000| PB 0x000000070be00000| Untracked 
|  10|0x000000070c000000, 0x000000070c000000, 0x000000070c200000|  0%| F|  |TAMS 0x000000070c000000| PB 0x000000070c000000| Untracked 
|  11|0x000000070c200000, 0x000000070c200000, 0x000000070c400000|  0%| F|  |TAMS 0x000000070c200000| PB 0x000000070c200000| Untracked 
|  12|0x000000070c400000, 0x000000070c400000, 0x000000070c600000|  0%| F|  |TAMS 0x000000070c400000| PB 0x000000070c400000| Untracked 
|  13|0x000000070c600000, 0x000000070c600000, 0x000000070c800000|  0%| F|  |TAMS 0x000000070c600000| PB 0x000000070c600000| Untracked 
|  14|0x000000070c800000, 0x000000070c800000, 0x000000070ca00000|  0%| F|  |TAMS 0x000000070c800000| PB 0x000000070c800000| Untracked 
|  15|0x000000070ca00000, 0x000000070ca00000, 0x000000070cc00000|  0%| F|  |TAMS 0x000000070ca00000| PB 0x000000070ca00000| Untracked 
|  16|0x000000070cc00000, 0x000000070cc00000, 0x000000070ce00000|  0%| F|  |TAMS 0x000000070cc00000| PB 0x000000070cc00000| Untracked 
|  17|0x000000070ce00000, 0x000000070ce00000, 0x000000070d000000|  0%| F|  |TAMS 0x000000070ce00000| PB 0x000000070ce00000| Untracked 
|  18|0x000000070d000000, 0x000000070d000000, 0x000000070d200000|  0%| F|  |TAMS 0x000000070d000000| PB 0x000000070d000000| Untracked 
|  19|0x000000070d200000, 0x000000070d200000, 0x000000070d400000|  0%| F|  |TAMS 0x000000070d200000| PB 0x000000070d200000| Untracked 
|  20|0x000000070d400000, 0x000000070d400000, 0x000000070d600000|  0%| F|  |TAMS 0x000000070d400000| PB 0x000000070d400000| Untracked 
|  21|0x000000070d600000, 0x000000070d600000, 0x000000070d800000|  0%| F|  |TAMS 0x000000070d600000| PB 0x000000070d600000| Untracked 
|  22|0x000000070d800000, 0x000000070d800000, 0x000000070da00000|  0%| F|  |TAMS 0x000000070d800000| PB 0x000000070d800000| Untracked 
|  23|0x000000070da00000, 0x000000070da00000, 0x000000070dc00000|  0%| F|  |TAMS 0x000000070da00000| PB 0x000000070da00000| Untracked 
|  24|0x000000070dc00000, 0x000000070dc00000, 0x000000070de00000|  0%| F|  |TAMS 0x000000070dc00000| PB 0x000000070dc00000| Untracked 
|  25|0x000000070de00000, 0x000000070de00000, 0x000000070e000000|  0%| F|  |TAMS 0x000000070de00000| PB 0x000000070de00000| Untracked 
|  26|0x000000070e000000, 0x000000070e000000, 0x000000070e200000|  0%| F|  |TAMS 0x000000070e000000| PB 0x000000070e000000| Untracked 
|  27|0x000000070e200000, 0x000000070e200000, 0x000000070e400000|  0%| F|  |TAMS 0x000000070e200000| PB 0x000000070e200000| Untracked 
|  28|0x000000070e400000, 0x000000070e400000, 0x000000070e600000|  0%| F|  |TAMS 0x000000070e400000| PB 0x000000070e400000| Untracked 
|  29|0x000000070e600000, 0x000000070e600000, 0x000000070e800000|  0%| F|  |TAMS 0x000000070e600000| PB 0x000000070e600000| Untracked 
|  30|0x000000070e800000, 0x000000070e800000, 0x000000070ea00000|  0%| F|  |TAMS 0x000000070e800000| PB 0x000000070e800000| Untracked 
|  31|0x000000070ea00000, 0x000000070ea00000, 0x000000070ec00000|  0%| F|  |TAMS 0x000000070ea00000| PB 0x000000070ea00000| Untracked 
|  32|0x000000070ec00000, 0x000000070ec00000, 0x000000070ee00000|  0%| F|  |TAMS 0x000000070ec00000| PB 0x000000070ec00000| Untracked 
|  33|0x000000070ee00000, 0x000000070ee00000, 0x000000070f000000|  0%| F|  |TAMS 0x000000070ee00000| PB 0x000000070ee00000| Untracked 
|  34|0x000000070f000000, 0x000000070f000000, 0x000000070f200000|  0%| F|  |TAMS 0x000000070f000000| PB 0x000000070f000000| Untracked 
|  35|0x000000070f200000, 0x000000070f200000, 0x000000070f400000|  0%| F|  |TAMS 0x000000070f200000| PB 0x000000070f200000| Untracked 
|  36|0x000000070f400000, 0x000000070f400000, 0x000000070f600000|  0%| F|  |TAMS 0x000000070f400000| PB 0x000000070f400000| Untracked 
|  37|0x000000070f600000, 0x000000070f600000, 0x000000070f800000|  0%| F|  |TAMS 0x000000070f600000| PB 0x000000070f600000| Untracked 
|  38|0x000000070f800000, 0x000000070f800000, 0x000000070fa00000|  0%| F|  |TAMS 0x000000070f800000| PB 0x000000070f800000| Untracked 
|  39|0x000000070fa00000, 0x000000070fa00000, 0x000000070fc00000|  0%| F|  |TAMS 0x000000070fa00000| PB 0x000000070fa00000| Untracked 
|  40|0x000000070fc00000, 0x000000070fc00000, 0x000000070fe00000|  0%| F|  |TAMS 0x000000070fc00000| PB 0x000000070fc00000| Untracked 
|  41|0x000000070fe00000, 0x000000070fe00000, 0x0000000710000000|  0%| F|  |TAMS 0x000000070fe00000| PB 0x000000070fe00000| Untracked 
|  42|0x0000000710000000, 0x0000000710000000, 0x0000000710200000|  0%| F|  |TAMS 0x0000000710000000| PB 0x0000000710000000| Untracked 
|  43|0x0000000710200000, 0x0000000710200000, 0x0000000710400000|  0%| F|  |TAMS 0x0000000710200000| PB 0x0000000710200000| Untracked 
|  44|0x0000000710400000, 0x0000000710400000, 0x0000000710600000|  0%| F|  |TAMS 0x0000000710400000| PB 0x0000000710400000| Untracked 
|  45|0x0000000710600000, 0x0000000710600000, 0x0000000710800000|  0%| F|  |TAMS 0x0000000710600000| PB 0x0000000710600000| Untracked 
|  46|0x0000000710800000, 0x0000000710800000, 0x0000000710a00000|  0%| F|  |TAMS 0x0000000710800000| PB 0x0000000710800000| Untracked 
|  47|0x0000000710a00000, 0x0000000710a00000, 0x0000000710c00000|  0%| F|  |TAMS 0x0000000710a00000| PB 0x0000000710a00000| Untracked 
|  48|0x0000000710c00000, 0x0000000710c00000, 0x0000000710e00000|  0%| F|  |TAMS 0x0000000710c00000| PB 0x0000000710c00000| Untracked 
|  49|0x0000000710e00000, 0x0000000710e00000, 0x0000000711000000|  0%| F|  |TAMS 0x0000000710e00000| PB 0x0000000710e00000| Untracked 
|  50|0x0000000711000000, 0x0000000711000000, 0x0000000711200000|  0%| F|  |TAMS 0x0000000711000000| PB 0x0000000711000000| Untracked 
|  51|0x0000000711200000, 0x0000000711200000, 0x0000000711400000|  0%| F|  |TAMS 0x0000000711200000| PB 0x0000000711200000| Untracked 
|  52|0x0000000711400000, 0x0000000711400000, 0x0000000711600000|  0%| F|  |TAMS 0x0000000711400000| PB 0x0000000711400000| Untracked 
|  53|0x0000000711600000, 0x0000000711600000, 0x0000000711800000|  0%| F|  |TAMS 0x0000000711600000| PB 0x0000000711600000| Untracked 
|  54|0x0000000711800000, 0x0000000711800000, 0x0000000711a00000|  0%| F|  |TAMS 0x0000000711800000| PB 0x0000000711800000| Untracked 
|  55|0x0000000711a00000, 0x0000000711a00000, 0x0000000711c00000|  0%| F|  |TAMS 0x0000000711a00000| PB 0x0000000711a00000| Untracked 
|  56|0x0000000711c00000, 0x0000000711c00000, 0x0000000711e00000|  0%| F|  |TAMS 0x0000000711c00000| PB 0x0000000711c00000| Untracked 
|  57|0x0000000711e00000, 0x0000000711e00000, 0x0000000712000000|  0%| F|  |TAMS 0x0000000711e00000| PB 0x0000000711e00000| Untracked 
|  58|0x0000000712000000, 0x0000000712000000, 0x0000000712200000|  0%| F|  |TAMS 0x0000000712000000| PB 0x0000000712000000| Untracked 
|  59|0x0000000712200000, 0x0000000712200000, 0x0000000712400000|  0%| F|  |TAMS 0x0000000712200000| PB 0x0000000712200000| Untracked 
|  60|0x0000000712400000, 0x0000000712400000, 0x0000000712600000|  0%| F|  |TAMS 0x0000000712400000| PB 0x0000000712400000| Untracked 
|  61|0x0000000712600000, 0x0000000712600000, 0x0000000712800000|  0%| F|  |TAMS 0x0000000712600000| PB 0x0000000712600000| Untracked 
|  62|0x0000000712800000, 0x0000000712800000, 0x0000000712a00000|  0%| F|  |TAMS 0x0000000712800000| PB 0x0000000712800000| Untracked 
|  63|0x0000000712a00000, 0x0000000712a00000, 0x0000000712c00000|  0%| F|  |TAMS 0x0000000712a00000| PB 0x0000000712a00000| Untracked 
|  64|0x0000000712c00000, 0x0000000712c00000, 0x0000000712e00000|  0%| F|  |TAMS 0x0000000712c00000| PB 0x0000000712c00000| Untracked 
|  65|0x0000000712e00000, 0x0000000712e00000, 0x0000000713000000|  0%| F|  |TAMS 0x0000000712e00000| PB 0x0000000712e00000| Untracked 
|  66|0x0000000713000000, 0x0000000713000000, 0x0000000713200000|  0%| F|  |TAMS 0x0000000713000000| PB 0x0000000713000000| Untracked 
|  67|0x0000000713200000, 0x0000000713200000, 0x0000000713400000|  0%| F|  |TAMS 0x0000000713200000| PB 0x0000000713200000| Untracked 
|  68|0x0000000713400000, 0x0000000713400000, 0x0000000713600000|  0%| F|  |TAMS 0x0000000713400000| PB 0x0000000713400000| Untracked 
|  69|0x0000000713600000, 0x0000000713600000, 0x0000000713800000|  0%| F|  |TAMS 0x0000000713600000| PB 0x0000000713600000| Untracked 
|  70|0x0000000713800000, 0x0000000713800000, 0x0000000713a00000|  0%| F|  |TAMS 0x0000000713800000| PB 0x0000000713800000| Untracked 
|  71|0x0000000713a00000, 0x0000000713a00000, 0x0000000713c00000|  0%| F|  |TAMS 0x0000000713a00000| PB 0x0000000713a00000| Untracked 
|  72|0x0000000713c00000, 0x0000000713c00000, 0x0000000713e00000|  0%| F|  |TAMS 0x0000000713c00000| PB 0x0000000713c00000| Untracked 
|  73|0x0000000713e00000, 0x0000000713e00000, 0x0000000714000000|  0%| F|  |TAMS 0x0000000713e00000| PB 0x0000000713e00000| Untracked 
|  74|0x0000000714000000, 0x0000000714000000, 0x0000000714200000|  0%| F|  |TAMS 0x0000000714000000| PB 0x0000000714000000| Untracked 
|  75|0x0000000714200000, 0x0000000714200000, 0x0000000714400000|  0%| F|  |TAMS 0x0000000714200000| PB 0x0000000714200000| Untracked 
|  76|0x0000000714400000, 0x0000000714400000, 0x0000000714600000|  0%| F|  |TAMS 0x0000000714400000| PB 0x0000000714400000| Untracked 
|  77|0x0000000714600000, 0x0000000714600000, 0x0000000714800000|  0%| F|  |TAMS 0x0000000714600000| PB 0x0000000714600000| Untracked 
|  78|0x0000000714800000, 0x0000000714800000, 0x0000000714a00000|  0%| F|  |TAMS 0x0000000714800000| PB 0x0000000714800000| Untracked 
|  79|0x0000000714a00000, 0x0000000714a00000, 0x0000000714c00000|  0%| F|  |TAMS 0x0000000714a00000| PB 0x0000000714a00000| Untracked 
|  80|0x0000000714c00000, 0x0000000714c00000, 0x0000000714e00000|  0%| F|  |TAMS 0x0000000714c00000| PB 0x0000000714c00000| Untracked 
|  81|0x0000000714e00000, 0x0000000714e00000, 0x0000000715000000|  0%| F|  |TAMS 0x0000000714e00000| PB 0x0000000714e00000| Untracked 
|  82|0x0000000715000000, 0x0000000715000000, 0x0000000715200000|  0%| F|  |TAMS 0x0000000715000000| PB 0x0000000715000000| Untracked 
|  83|0x0000000715200000, 0x0000000715200000, 0x0000000715400000|  0%| F|  |TAMS 0x0000000715200000| PB 0x0000000715200000| Untracked 
|  84|0x0000000715400000, 0x0000000715400000, 0x0000000715600000|  0%| F|  |TAMS 0x0000000715400000| PB 0x0000000715400000| Untracked 
|  85|0x0000000715600000, 0x0000000715600000, 0x0000000715800000|  0%| F|  |TAMS 0x0000000715600000| PB 0x0000000715600000| Untracked 
|  86|0x0000000715800000, 0x0000000715800000, 0x0000000715a00000|  0%| F|  |TAMS 0x0000000715800000| PB 0x0000000715800000| Untracked 
|  87|0x0000000715a00000, 0x0000000715a00000, 0x0000000715c00000|  0%| F|  |TAMS 0x0000000715a00000| PB 0x0000000715a00000| Untracked 
|  88|0x0000000715c00000, 0x0000000715c00000, 0x0000000715e00000|  0%| F|  |TAMS 0x0000000715c00000| PB 0x0000000715c00000| Untracked 
|  89|0x0000000715e00000, 0x0000000715e00000, 0x0000000716000000|  0%| F|  |TAMS 0x0000000715e00000| PB 0x0000000715e00000| Untracked 
|  90|0x0000000716000000, 0x0000000716000000, 0x0000000716200000|  0%| F|  |TAMS 0x0000000716000000| PB 0x0000000716000000| Untracked 
|  91|0x0000000716200000, 0x0000000716200000, 0x0000000716400000|  0%| F|  |TAMS 0x0000000716200000| PB 0x0000000716200000| Untracked 
|  92|0x0000000716400000, 0x0000000716400000, 0x0000000716600000|  0%| F|  |TAMS 0x0000000716400000| PB 0x0000000716400000| Untracked 
|  93|0x0000000716600000, 0x0000000716600000, 0x0000000716800000|  0%| F|  |TAMS 0x0000000716600000| PB 0x0000000716600000| Untracked 
|  94|0x0000000716800000, 0x0000000716800000, 0x0000000716a00000|  0%| F|  |TAMS 0x0000000716800000| PB 0x0000000716800000| Untracked 
|  95|0x0000000716a00000, 0x0000000716a00000, 0x0000000716c00000|  0%| F|  |TAMS 0x0000000716a00000| PB 0x0000000716a00000| Untracked 
|  96|0x0000000716c00000, 0x0000000716c00000, 0x0000000716e00000|  0%| F|  |TAMS 0x0000000716c00000| PB 0x0000000716c00000| Untracked 
|  97|0x0000000716e00000, 0x0000000716e00000, 0x0000000717000000|  0%| F|  |TAMS 0x0000000716e00000| PB 0x0000000716e00000| Untracked 
|  98|0x0000000717000000, 0x0000000717000000, 0x0000000717200000|  0%| F|  |TAMS 0x0000000717000000| PB 0x0000000717000000| Untracked 
|  99|0x0000000717200000, 0x0000000717200000, 0x0000000717400000|  0%| F|  |TAMS 0x0000000717200000| PB 0x0000000717200000| Untracked 
| 100|0x0000000717400000, 0x0000000717400000, 0x0000000717600000|  0%| F|  |TAMS 0x0000000717400000| PB 0x0000000717400000| Untracked 
| 101|0x0000000717600000, 0x0000000717600000, 0x0000000717800000|  0%| F|  |TAMS 0x0000000717600000| PB 0x0000000717600000| Untracked 
| 102|0x0000000717800000, 0x0000000717800000, 0x0000000717a00000|  0%| F|  |TAMS 0x0000000717800000| PB 0x0000000717800000| Untracked 
| 103|0x0000000717a00000, 0x0000000717a00000, 0x0000000717c00000|  0%| F|  |TAMS 0x0000000717a00000| PB 0x0000000717a00000| Untracked 
| 104|0x0000000717c00000, 0x0000000717c00000, 0x0000000717e00000|  0%| F|  |TAMS 0x0000000717c00000| PB 0x0000000717c00000| Untracked 
| 105|0x0000000717e00000, 0x0000000717e00000, 0x0000000718000000|  0%| F|  |TAMS 0x0000000717e00000| PB 0x0000000717e00000| Untracked 
| 106|0x0000000718000000, 0x0000000718000000, 0x0000000718200000|  0%| F|  |TAMS 0x0000000718000000| PB 0x0000000718000000| Untracked 
| 107|0x0000000718200000, 0x0000000718200000, 0x0000000718400000|  0%| F|  |TAMS 0x0000000718200000| PB 0x0000000718200000| Untracked 
| 108|0x0000000718400000, 0x0000000718400000, 0x0000000718600000|  0%| F|  |TAMS 0x0000000718400000| PB 0x0000000718400000| Untracked 
| 109|0x0000000718600000, 0x0000000718600000, 0x0000000718800000|  0%| F|  |TAMS 0x0000000718600000| PB 0x0000000718600000| Untracked 
| 110|0x0000000718800000, 0x0000000718a00000, 0x0000000718a00000|100%| S|CS|TAMS 0x0000000718800000| PB 0x0000000718800000| Complete 
| 111|0x0000000718a00000, 0x0000000718c00000, 0x0000000718c00000|100%| S|CS|TAMS 0x0000000718a00000| PB 0x0000000718a00000| Complete 
| 112|0x0000000718c00000, 0x0000000718c00000, 0x0000000718e00000|  0%| F|  |TAMS 0x0000000718c00000| PB 0x0000000718c00000| Untracked 
| 113|0x0000000718e00000, 0x0000000718e00000, 0x0000000719000000|  0%| F|  |TAMS 0x0000000718e00000| PB 0x0000000718e00000| Untracked 
| 114|0x0000000719000000, 0x0000000719000000, 0x0000000719200000|  0%| F|  |TAMS 0x0000000719000000| PB 0x0000000719000000| Untracked 
| 115|0x0000000719200000, 0x0000000719200000, 0x0000000719400000|  0%| F|  |TAMS 0x0000000719200000| PB 0x0000000719200000| Untracked 
| 116|0x0000000719400000, 0x0000000719400000, 0x0000000719600000|  0%| F|  |TAMS 0x0000000719400000| PB 0x0000000719400000| Untracked 
| 117|0x0000000719600000, 0x0000000719600000, 0x0000000719800000|  0%| F|  |TAMS 0x0000000719600000| PB 0x0000000719600000| Untracked 
| 118|0x0000000719800000, 0x0000000719854b70, 0x0000000719a00000| 16%| E|  |TAMS 0x0000000719800000| PB 0x0000000719800000| Complete 
| 119|0x0000000719a00000, 0x0000000719c00000, 0x0000000719c00000|100%| E|CS|TAMS 0x0000000719a00000| PB 0x0000000719a00000| Complete 
| 120|0x0000000719c00000, 0x0000000719e00000, 0x0000000719e00000|100%| E|CS|TAMS 0x0000000719c00000| PB 0x0000000719c00000| Complete 
| 121|0x0000000719e00000, 0x000000071a000000, 0x000000071a000000|100%| E|CS|TAMS 0x0000000719e00000| PB 0x0000000719e00000| Complete 
| 122|0x000000071a000000, 0x000000071a200000, 0x000000071a200000|100%| E|CS|TAMS 0x000000071a000000| PB 0x000000071a000000| Complete 

Card table byte_map: [0x000001da6f0a0000,0x000001da6f850000] _byte_map_base: 0x000001da6b84a000

Marking Bits: (CMBitMap*) 0x000001da62eaa690
 Bits: [0x000001da6f850000, 0x000001da735a0000)

Polling page: 0x000001da60df0000

Metaspace:

Usage:
  Non-class:      7.27 MB used.
      Class:      1.04 MB used.
       Both:      8.30 MB used.

Virtual space:
  Non-class space:       64.00 MB reserved,       7.38 MB ( 12%) committed,  1 nodes.
      Class space:        1.00 GB reserved,       1.19 MB ( <1%) committed,  1 nodes.
             Both:        1.06 GB reserved,       8.56 MB ( <1%) committed. 

Chunk freelists:
   Non-Class:  8.55 MB
       Class:  14.84 MB
        Both:  23.39 MB

MaxMetaspaceSize: unlimited
CompressedClassSpaceSize: 1.00 GB
Initial GC threshold: 21.00 MB
Current GC threshold: 21.00 MB
CDS: on
 - commit_granule_bytes: 65536.
 - commit_granule_words: 8192.
 - virtual_space_node_default_size: 8388608.
 - enlarge_chunks_in_place: 1.
 - use_allocation_guard: 0.


Internal statistics:

num_allocs_failed_limit: 0.
num_arena_births: 196.
num_arena_deaths: 0.
num_vsnodes_births: 2.
num_vsnodes_deaths: 0.
num_space_committed: 137.
num_space_uncommitted: 0.
num_chunks_returned_to_freelist: 0.
num_chunks_taken_from_freelist: 340.
num_chunk_merges: 0.
num_chunk_splits: 225.
num_chunks_enlarged: 156.
num_inconsistent_stats: 0.

CodeCache: size=49152Kb used=5257Kb max_used=5257Kb free=43895Kb
 bounds [0x000001da6b290000, 0x000001da6b7c0000, 0x000001da6e290000]
 total_blobs=2048 nmethods=1563 adapters=407
 compilation: enabled
              stopped_count=0, restarted_count=0
 full_count=0

Compilation events (20 events):
Event: 0.751 Thread 0x000001da767fda90 1556       1       sun.reflect.generics.tree.SimpleClassTypeSignature::<init> (20 bytes)
Event: 0.752 Thread 0x000001da75a72020 1557       1       sun.reflect.generics.parser.SignatureParser::parseClassTypeSignature (118 bytes)
Event: 0.752 Thread 0x000001da767fda90 nmethod 1556 0x000001da6b7ae010 code [0x000001da6b7ae1a0, 0x000001da6b7ae318]
Event: 0.752 Thread 0x000001da76864b60 nmethod 1555 0x000001da6b7ae390 code [0x000001da6b7ae520, 0x000001da6b7ae6d8]
Event: 0.752 Thread 0x000001da767fda90 1559       1       sun.reflect.generics.parser.SignatureParser::parseClassTypeSignatureSuffix (29 bytes)
Event: 0.752 Thread 0x000001da76864b60 1560       1       sun.reflect.generics.tree.ClassTypeSignature::make (9 bytes)
Event: 0.752 Thread 0x000001da76864b60 nmethod 1560 0x000001da6b7ae790 code [0x000001da6b7ae920, 0x000001da6b7aea78]
Event: 0.752 Thread 0x000001da76864b60 1561       1       sun.reflect.generics.tree.ClassTypeSignature::<init> (10 bytes)
Event: 0.752 Thread 0x000001da767fda90 nmethod 1559 0x000001da6b7aeb10 code [0x000001da6b7aece0, 0x000001da6b7aee78]
Event: 0.752 Thread 0x000001da76864b60 nmethod 1561 0x000001da6b7aef90 code [0x000001da6b7af120, 0x000001da6b7af240]
Event: 0.752 Thread 0x000001da767fd3e0 nmethod 1558 0x000001da6b7af290 code [0x000001da6b7af520, 0x000001da6b7afc60]
Event: 0.752 Thread 0x000001da75a72020 nmethod 1557 0x000001da6b7aff90 code [0x000001da6b7b0260, 0x000001da6b7b0ad8]
Event: 0.757 Thread 0x000001da75a72020 1562       1       java.util.RegularEnumSet::add (9 bytes)
Event: 0.757 Thread 0x000001da767fd3e0 1563       1       java.util.RegularEnumSet::add (40 bytes)
Event: 0.757 Thread 0x000001da76864b60 1564       1       java.util.EnumSet::typeCheck (59 bytes)
Event: 0.757 Thread 0x000001da75a72020 nmethod 1562 0x000001da6b7b1010 code [0x000001da6b7b11c0, 0x000001da6b7b12d8]
Event: 0.757 Thread 0x000001da767fd3e0 nmethod 1563 0x000001da6b7b1390 code [0x000001da6b7b1540, 0x000001da6b7b1680]
Event: 0.758 Thread 0x000001da76864b60 nmethod 1564 0x000001da6b7b1790 code [0x000001da6b7b19c0, 0x000001da6b7b1de0]
Event: 0.759 Thread 0x000001da767fd3e0 1565       1       java.lang.StringBuilder::append (6 bytes)
Event: 0.759 Thread 0x000001da767fd3e0 nmethod 1565 0x000001da6b7b2090 code [0x000001da6b7b2240, 0x000001da6b7b2338]

GC Heap History (2 events):
Event: 0.591 GC heap before
{Heap before GC invocations=0 (full 0):
 garbage-first heap   total 251904K, used 22528K [0x000000070ac00000, 0x0000000800000000)
  region size 2048K, 11 young (22528K), 0 survivors (0K)
 Metaspace       used 6484K, committed 6720K, reserved 1114112K
  class space    used 772K, committed 896K, reserved 1048576K
}
Event: 0.596 GC heap after
{Heap after GC invocations=1 (full 0):
 garbage-first heap   total 251904K, used 7551K [0x000000070ac00000, 0x0000000800000000)
  region size 2048K, 2 young (4096K), 2 survivors (4096K)
 Metaspace       used 6484K, committed 6720K, reserved 1114112K
  class space    used 772K, committed 896K, reserved 1048576K
}

Dll operation events (11 events):
Event: 0.008 Loaded shared library C:\Program Files\Java\jdk-21\bin\java.dll
Event: 0.126 Loaded shared library C:\Program Files\Java\jdk-21\bin\zip.dll
Event: 0.130 Loaded shared library C:\Program Files\Java\jdk-21\bin\instrument.dll
Event: 0.134 Loaded shared library C:\Program Files\Java\jdk-21\bin\net.dll
Event: 0.135 Loaded shared library C:\Program Files\Java\jdk-21\bin\nio.dll
Event: 0.139 Loaded shared library C:\Program Files\Java\jdk-21\bin\zip.dll
Event: 0.235 Loaded shared library C:\Program Files\JetBrains\IntelliJ IDEA 2023.2.2\bin\breakgen64.dll
Event: 0.240 Loaded shared library C:\Program Files\Java\jdk-21\bin\jimage.dll
Event: 0.243 Loaded shared library C:\Program Files\Java\jdk-21\bin\extnet.dll
Event: 0.255 Loaded shared library C:\Program Files\Java\jdk-21\bin\management.dll
Event: 0.263 Loaded shared library C:\Program Files\Java\jdk-21\bin\management_ext.dll

Deoptimization events (4 events):
Event: 0.359 Thread 0x000001da60b6b930 DEOPT PACKING pc=0x000001da6b67265d sp=0x00000032b82fd120
Event: 0.359 Thread 0x000001da60b6b930 DEOPT UNPACKING pc=0x000001da6b2e4e42 sp=0x00000032b82fc5d0 mode 3
Event: 0.363 Thread 0x000001da60b6b930 DEOPT PACKING pc=0x000001da6b686060 sp=0x00000032b82fd020
Event: 0.363 Thread 0x000001da60b6b930 DEOPT UNPACKING pc=0x000001da6b2e4e42 sp=0x00000032b82fc4d8 mode 3

Classes loaded (20 events):
Event: 0.726 Loading class java/util/concurrent/ConcurrentLinkedDeque$Node
Event: 0.726 Loading class java/util/concurrent/ConcurrentLinkedDeque$Node done
Event: 0.729 Loading class sun/reflect/generics/tree/BottomSignature
Event: 0.729 Loading class sun/reflect/generics/tree/BottomSignature done
Event: 0.729 Loading class sun/reflect/generics/tree/Wildcard
Event: 0.729 Loading class sun/reflect/generics/tree/Wildcard done
Event: 0.729 Loading class sun/reflect/generics/reflectiveObjects/WildcardTypeImpl
Event: 0.729 Loading class sun/reflect/generics/reflectiveObjects/WildcardTypeImpl done
Event: 0.731 Loading class java/util/Currency
Event: 0.732 Loading class java/util/Currency done
Event: 0.733 Loading class java/util/UUID
Event: 0.733 Loading class java/util/UUID done
Event: 0.741 Loading class java/time/ZonedDateTime
Event: 0.741 Loading class java/time/chrono/ChronoZonedDateTime
Event: 0.741 Loading class java/time/chrono/ChronoZonedDateTime done
Event: 0.741 Loading class java/time/ZonedDateTime done
Event: 0.746 Loading class java/text/ParseException
Event: 0.746 Loading class java/text/ParseException done
Event: 0.753 Loading class java/time/OffsetDateTime
Event: 0.753 Loading class java/time/OffsetDateTime done

Classes unloaded (0 events):
No events

Classes redefined (0 events):
No events

Internal exceptions (20 events):
Event: 0.423 Thread 0x000001da60b6b930 Exception <a 'java/lang/NoSuchMethodError'{0x0000000719019970}: 'java.lang.Object java.lang.invoke.DirectMethodHandle$Holder.invokeStaticInit(java.lang.Object, int, int, int, int)'> (0x0000000719019970) 
thrown [s\open\src\hotspot\share\interpreter\linkResolver.cpp, line 773]
Event: 0.441 Thread 0x000001da60b6b930 Exception <a 'java/lang/NoSuchMethodError'{0x00000007190e2908}: 'java.lang.Object java.lang.invoke.DirectMethodHandle$Holder.invokeStaticInit(java.lang.Object, java.lang.Object, int, int, int, int)'> (0x00000007190e2908) 
thrown [s\open\src\hotspot\share\interpreter\linkResolver.cpp, line 773]
Event: 0.453 Thread 0x000001da60b6b930 Exception <a 'java/lang/ClassNotFoundException'{0x00000007190fefe0}: javax/management/remote/rmi/RMIServerImpl_Skel> (0x00000007190fefe0) 
thrown [s\open\src\hotspot\share\classfile\systemDictionary.cpp, line 312]
Event: 0.461 Thread 0x000001da60b6b930 Exception <a 'java/lang/NoSuchMethodError'{0x000000071911be90}: 'long java.lang.invoke.DirectMethodHandle$Holder.invokeSpecial(java.lang.Object, java.lang.Object)'> (0x000000071911be90) 
thrown [s\open\src\hotspot\share\interpreter\linkResolver.cpp, line 773]
Event: 0.461 Thread 0x000001da60b6b930 Exception <a 'java/lang/NoSuchMethodError'{0x000000071911f558}: 'long java.lang.invoke.Invokers$Holder.invokeExact_MT(java.lang.Object, java.lang.Object)'> (0x000000071911f558) 
thrown [s\open\src\hotspot\share\interpreter\linkResolver.cpp, line 773]
Event: 0.466 Thread 0x000001da60b6b930 Exception <a 'java/lang/NoSuchMethodError'{0x0000000719138690}: 'void java.lang.invoke.DirectMethodHandle$Holder.invokeSpecial(java.lang.Object, java.lang.Object, java.lang.Object)'> (0x0000000719138690) 
thrown [s\open\src\hotspot\share\interpreter\linkResolver.cpp, line 773]
Event: 0.524 Thread 0x000001da60b6b930 Exception <a 'java/lang/ClassNotFoundException'{0x0000000718f87228}: javax/smartcardio/CardPermission> (0x0000000718f87228) 
thrown [s\open\src\hotspot\share\classfile\systemDictionary.cpp, line 312]
Event: 0.526 Thread 0x000001da60b6b930 Exception <a 'java/io/FileNotFoundException'{0x0000000718f95a18}> (0x0000000718f95a18) 
thrown [s\open\src\hotspot\share\prims\jni.cpp, line 520]
Event: 0.540 Thread 0x000001da60b6b930 Exception <a 'java/lang/NoSuchMethodError'{0x0000000718c09460}: 'java.lang.Object java.lang.invoke.DirectMethodHandle$Holder.invokeSpecial(java.lang.Object, java.lang.Object, java.lang.Object, long, java.lang.Object)'> (0x0000000718c09460) 
thrown [s\open\src\hotspot\share\interpreter\linkResolver.cpp, line 773]
Event: 0.540 Thread 0x000001da60b6b930 Exception <a 'java/lang/NoSuchMethodError'{0x0000000718c0cdb0}: 'java.lang.Object java.lang.invoke.Invokers$Holder.linkToTargetMethod(java.lang.Object, long, java.lang.Object, java.lang.Object)'> (0x0000000718c0cdb0) 
thrown [s\open\src\hotspot\share\interpreter\linkResolver.cpp, line 773]
Event: 0.591 Thread 0x000001da60b6b930 Exception <a 'java/lang/NoSuchMethodError'{0x0000000718dfef50}: 'void java.lang.invoke.DirectMethodHandle$Holder.invokeStatic(java.lang.Object, java.lang.Object, java.lang.Object, java.lang.Object)'> (0x0000000718dfef50) 
thrown [s\open\src\hotspot\share\interpreter\linkResolver.cpp, line 773]
Event: 0.621 Thread 0x000001da60b6b930 Exception <a 'java/lang/NoSuchMethodError'{0x000000071a192718}: 'int java.lang.invoke.DirectMethodHandle$Holder.invokeStaticInit(java.lang.Object, java.lang.Object)'> (0x000000071a192718) 
thrown [s\open\src\hotspot\share\interpreter\linkResolver.cpp, line 773]
Event: 0.626 Thread 0x000001da60b6b930 Exception <a 'java/lang/NoSuchMethodError'{0x000000071a1beb68}: 'void java.lang.invoke.DirectMethodHandle$Holder.invokeInterface(java.lang.Object, java.lang.Object, java.lang.Object, java.lang.Object)'> (0x000000071a1beb68) 
thrown [s\open\src\hotspot\share\interpreter\linkResolver.cpp, line 773]
Event: 0.662 Thread 0x000001da60b6b930 Exception <a 'java/lang/NoSuchMethodError'{0x0000000719faad28}: 'java.lang.Object java.lang.invoke.DirectMethodHandle$Holder.invokeInterface(java.lang.Object, java.lang.Object)'> (0x0000000719faad28) 
thrown [s\open\src\hotspot\share\interpreter\linkResolver.cpp, line 773]
Event: 0.668 Thread 0x000001da60b6b930 Exception <a 'java/lang/NoSuchMethodError'{0x0000000719ff0180}: 'java.lang.Object java.lang.invoke.DirectMethodHandle$Holder.invokeSpecialIFC(java.lang.Object, java.lang.Object, java.lang.Object, java.lang.Object)'> (0x0000000719ff0180) 
thrown [s\open\src\hotspot\share\interpreter\linkResolver.cpp, line 773]
Event: 0.671 Thread 0x000001da60b6b930 Exception <a 'java/lang/NoSuchMethodError'{0x0000000719c09098}: 'java.lang.Object java.lang.invoke.DirectMethodHandle$Holder.invokeInterface(java.lang.Object, java.lang.Object, java.lang.Object)'> (0x0000000719c09098) 
thrown [s\open\src\hotspot\share\interpreter\linkResolver.cpp, line 773]
Event: 0.684 Thread 0x000001da60b6b930 Exception <a 'java/lang/NoSuchMethodError'{0x0000000719cccaf8}: 'int java.lang.invoke.DirectMethodHandle$Holder.invokeStaticInit(java.lang.Object, java.lang.Object, java.lang.Object)'> (0x0000000719cccaf8) 
thrown [s\open\src\hotspot\share\interpreter\linkResolver.cpp, line 773]
Event: 0.691 Thread 0x000001da60b6b930 Exception <a 'java/lang/NoSuchMethodError'{0x0000000719d27140}: 'java.lang.Object java.lang.invoke.DirectMethodHandle$Holder.newInvokeSpecial(java.lang.Object, java.lang.Object, java.lang.Object, java.lang.Object, java.lang.Object)'> (0x0000000719d27140) 
thrown [s\open\src\hotspot\share\interpreter\linkResolver.cpp, line 773]
Event: 0.703 Thread 0x000001da60b6b930 Exception <a 'java/lang/IncompatibleClassChangeError'{0x0000000719dda728}: Found class java.lang.Object, but interface was expected> (0x0000000719dda728) 
thrown [s\open\src\hotspot\share\interpreter\linkResolver.cpp, line 840]
Event: 0.717 Thread 0x000001da60b6b930 Exception <a 'sun/nio/fs/WindowsException'{0x0000000719a72528}> (0x0000000719a72528) 
thrown [s\open\src\hotspot\share\prims\jni.cpp, line 520]

ZGC Phase Switch (0 events):
No events

VM Operations (20 events):
Event: 0.238 Executing VM operation: HandshakeAllThreads (Deoptimize)
Event: 0.239 Executing VM operation: HandshakeAllThreads (Deoptimize) done
Event: 0.269 Executing VM operation: HandshakeAllThreads (Deoptimize)
Event: 0.269 Executing VM operation: HandshakeAllThreads (Deoptimize) done
Event: 0.399 Executing VM operation: HandshakeAllThreads (Deoptimize)
Event: 0.399 Executing VM operation: HandshakeAllThreads (Deoptimize) done
Event: 0.452 Executing VM operation: HandshakeAllThreads (Deoptimize)
Event: 0.452 Executing VM operation: HandshakeAllThreads (Deoptimize) done
Event: 0.470 Executing VM operation: HandshakeAllThreads (Deoptimize)
Event: 0.470 Executing VM operation: HandshakeAllThreads (Deoptimize) done
Event: 0.499 Executing VM operation: HandshakeAllThreads (Deoptimize)
Event: 0.499 Executing VM operation: HandshakeAllThreads (Deoptimize) done
Event: 0.502 Executing VM operation: HandshakeAllThreads (Deoptimize)
Event: 0.502 Executing VM operation: HandshakeAllThreads (Deoptimize) done
Event: 0.562 Executing VM operation: ICBufferFull
Event: 0.563 Executing VM operation: ICBufferFull done
Event: 0.591 Executing VM operation: G1CollectForAllocation (G1 Evacuation Pause)
Event: 0.596 Executing VM operation: G1CollectForAllocation (G1 Evacuation Pause) done
Event: 0.718 Executing VM operation: HandshakeAllThreads (Deoptimize)
Event: 0.718 Executing VM operation: HandshakeAllThreads (Deoptimize) done

Events (15 events):
Event: 0.026 Thread 0x000001da60b6b930 Thread added: 0x000001da60b6b930
Event: 0.042 Thread 0x000001da75a5d010 Thread added: 0x000001da75a5d010
Event: 0.042 Thread 0x000001da75a5d940 Thread added: 0x000001da75a5d940
Event: 0.043 Thread 0x000001da75a5f9d0 Thread added: 0x000001da75a5f9d0
Event: 0.043 Thread 0x000001da75a62570 Thread added: 0x000001da75a62570
Event: 0.043 Thread 0x000001da75a68550 Thread added: 0x000001da75a68550
Event: 0.043 Thread 0x000001da75a70020 Thread added: 0x000001da75a70020
Event: 0.043 Thread 0x000001da75a72020 Thread added: 0x000001da75a72020
Event: 0.112 Thread 0x000001da75a6f990 Thread added: 0x000001da75a6f990
Event: 0.117 Thread 0x000001da767fd3e0 Thread added: 0x000001da767fd3e0
Event: 0.117 Thread 0x000001da767fda90 Thread added: 0x000001da767fda90
Event: 0.117 Thread 0x000001da76864b60 Thread added: 0x000001da76864b60
Event: 0.236 Thread 0x000001da75a70d40 Thread added: 0x000001da75a70d40
Event: 0.236 Thread 0x000001da75a6e5e0 Thread added: 0x000001da75a6e5e0
Event: 0.459 Thread 0x000001da75a6ec70 Thread added: 0x000001da75a6ec70


Dynamic libraries:
0x00007ff76c0c0000 - 0x00007ff76c0d0000 	C:\Program Files\Java\jdk-21\bin\java.exe
0x00007ff99a3f0000 - 0x00007ff99a607000 	C:\WINDOWS\SYSTEM32\ntdll.dll
0x00007ff9995a0000 - 0x00007ff999664000 	C:\WINDOWS\System32\KERNEL32.DLL
0x00007ff997730000 - 0x00007ff997aea000 	C:\WINDOWS\System32\KERNELBASE.dll
0x00007ff997f20000 - 0x00007ff998031000 	C:\WINDOWS\System32\ucrtbase.dll
0x00007ff988f50000 - 0x00007ff988f69000 	C:\Program Files\Java\jdk-21\bin\jli.dll
0x00007ff9982c0000 - 0x00007ff998372000 	C:\WINDOWS\System32\ADVAPI32.dll
0x00007ff989120000 - 0x00007ff98913b000 	C:\Program Files\Java\jdk-21\bin\VCRUNTIME140.dll
0x00007ff99a000000 - 0x00007ff99a0a7000 	C:\WINDOWS\System32\msvcrt.dll
0x00007ff9994f0000 - 0x00007ff999597000 	C:\WINDOWS\System32\sechost.dll
0x00007ff997af0000 - 0x00007ff997b18000 	C:\WINDOWS\System32\bcrypt.dll
0x00007ff999910000 - 0x00007ff999a24000 	C:\WINDOWS\System32\RPCRT4.dll
0x00007ff999760000 - 0x00007ff99990e000 	C:\WINDOWS\System32\USER32.dll
0x00007ff997c40000 - 0x00007ff997c66000 	C:\WINDOWS\System32\win32u.dll
0x00007ff9980e0000 - 0x00007ff998109000 	C:\WINDOWS\System32\GDI32.dll
0x00007ff98ed30000 - 0x00007ff98efc2000 	C:\WINDOWS\WinSxS\amd64_microsoft.windows.common-controls_6595b64144ccf1df_6.0.22621.4541_none_2710d1c57384c085\COMCTL32.dll
0x00007ff997b20000 - 0x00007ff997c3b000 	C:\WINDOWS\System32\gdi32full.dll
0x00007ff998040000 - 0x00007ff9980da000 	C:\WINDOWS\System32\msvcp_win.dll
0x00007ff98eb20000 - 0x00007ff98eb2a000 	C:\WINDOWS\SYSTEM32\VERSION.dll
0x00007ff998110000 - 0x00007ff998141000 	C:\WINDOWS\System32\IMM32.DLL
0x00007ff992570000 - 0x00007ff99257c000 	C:\Program Files\Java\jdk-21\bin\vcruntime140_1.dll
0x00007ff97a5d0000 - 0x00007ff97a65e000 	C:\Program Files\Java\jdk-21\bin\msvcp140.dll
0x00007ff8f7620000 - 0x00007ff8f8335000 	C:\Program Files\Java\jdk-21\bin\server\jvm.dll
0x00007ff999690000 - 0x00007ff999701000 	C:\WINDOWS\System32\WS2_32.dll
0x00007ff9968a0000 - 0x00007ff9968ed000 	C:\WINDOWS\SYSTEM32\POWRPROF.dll
0x00007ff9930e0000 - 0x00007ff993114000 	C:\WINDOWS\SYSTEM32\WINMM.dll
0x00007ff996880000 - 0x00007ff996893000 	C:\WINDOWS\SYSTEM32\UMPDC.dll
0x00007ff996760000 - 0x00007ff996778000 	C:\WINDOWS\SYSTEM32\kernel.appcore.dll
0x00007ff98f940000 - 0x00007ff98f94a000 	C:\Program Files\Java\jdk-21\bin\jimage.dll
0x00007ff995030000 - 0x00007ff995262000 	C:\WINDOWS\SYSTEM32\DBGHELP.DLL
0x00007ff999ab0000 - 0x00007ff999e41000 	C:\WINDOWS\System32\combase.dll
0x00007ff998dd0000 - 0x00007ff998ea7000 	C:\WINDOWS\System32\OLEAUT32.dll
0x00007ff98bda0000 - 0x00007ff98bdd2000 	C:\WINDOWS\SYSTEM32\dbgcore.DLL
0x00007ff997ea0000 - 0x00007ff997f1b000 	C:\WINDOWS\System32\bcryptPrimitives.dll
0x00007ff9856d0000 - 0x00007ff9856df000 	C:\Program Files\Java\jdk-21\bin\instrument.dll
0x00007ff988e60000 - 0x00007ff988e7f000 	C:\Program Files\Java\jdk-21\bin\java.dll
0x00007ff998380000 - 0x00007ff998bf9000 	C:\WINDOWS\System32\SHELL32.dll
0x00007ff9955f0000 - 0x00007ff995ef9000 	C:\WINDOWS\SYSTEM32\windows.storage.dll
0x00007ff9954b0000 - 0x00007ff9955ef000 	C:\WINDOWS\SYSTEM32\wintypes.dll
0x00007ff998ec0000 - 0x00007ff998fba000 	C:\WINDOWS\System32\SHCORE.dll
0x00007ff99a190000 - 0x00007ff99a1ee000 	C:\WINDOWS\System32\shlwapi.dll
0x00007ff9975e0000 - 0x00007ff99760b000 	C:\WINDOWS\SYSTEM32\profapi.dll
0x00007ff988d80000 - 0x00007ff988d98000 	C:\Program Files\Java\jdk-21\bin\zip.dll
0x00007ff98dc00000 - 0x00007ff98dc10000 	C:\Program Files\Java\jdk-21\bin\net.dll
0x00007ff993da0000 - 0x00007ff993ed6000 	C:\WINDOWS\SYSTEM32\WINHTTP.dll
0x00007ff996c60000 - 0x00007ff996cc9000 	C:\WINDOWS\system32\mswsock.dll
0x00007ff988e40000 - 0x00007ff988e56000 	C:\Program Files\Java\jdk-21\bin\nio.dll
0x00007ff984d60000 - 0x00007ff984d7a000 	C:\Program Files\JetBrains\IntelliJ IDEA 2023.2.2\bin\breakgen64.dll
0x00007ff98bde0000 - 0x00007ff98bde7000 	C:\Program Files\Java\jdk-21\bin\extnet.dll
0x00007ff996220000 - 0x00007ff996322000 	C:\WINDOWS\SYSTEM32\DNSAPI.dll
0x00007ff9961a0000 - 0x00007ff9961cd000 	C:\WINDOWS\SYSTEM32\IPHLPAPI.DLL
0x00007ff998cc0000 - 0x00007ff998cc9000 	C:\WINDOWS\System32\NSI.dll
0x00007ff992b90000 - 0x00007ff992b9a000 	C:\Windows\System32\rasadhlp.dll
0x00007ff992a30000 - 0x00007ff992ab3000 	C:\WINDOWS\System32\fwpuclnt.dll
0x00007ff984f80000 - 0x00007ff984f8a000 	C:\Program Files\Java\jdk-21\bin\management.dll
0x00007ff984f20000 - 0x00007ff984f2b000 	C:\Program Files\Java\jdk-21\bin\management_ext.dll
0x00007ff998eb0000 - 0x00007ff998eb8000 	C:\WINDOWS\System32\PSAPI.DLL
0x00007ff996ec0000 - 0x00007ff996edb000 	C:\WINDOWS\SYSTEM32\CRYPTSP.dll
0x00007ff9966c0000 - 0x00007ff9966f5000 	C:\WINDOWS\system32\rsaenh.dll
0x00007ff996d50000 - 0x00007ff996d78000 	C:\WINDOWS\SYSTEM32\USERENV.dll
0x00007ff996eb0000 - 0x00007ff996ebc000 	C:\WINDOWS\SYSTEM32\CRYPTBASE.dll
0x00007ff974250000 - 0x00007ff974267000 	C:\WINDOWS\system32\napinsp.dll
0x00007ff973f00000 - 0x00007ff973f1b000 	C:\WINDOWS\system32\pnrpnsp.dll
0x00007ff973ee0000 - 0x00007ff973ef1000 	C:\WINDOWS\System32\winrnr.dll
0x00007ff973d80000 - 0x00007ff973d95000 	C:\WINDOWS\system32\wshbth.dll
0x00007ff973d50000 - 0x00007ff973d77000 	C:\WINDOWS\system32\nlansp_c.dll

dbghelp: loaded successfully - version: 4.0.5 - missing functions: none
symbol engine: initialized successfully - sym options: 0x614 - pdb path: .;C:\Program Files\Java\jdk-21\bin;C:\WINDOWS\SYSTEM32;C:\WINDOWS\WinSxS\amd64_microsoft.windows.common-controls_6595b64144ccf1df_6.0.22621.4541_none_2710d1c57384c085;C:\Program Files\Java\jdk-21\bin\server;C:\Program Files\JetBrains\IntelliJ IDEA 2023.2.2\bin

VM Arguments:
jvm_args: -XX:TieredStopAtLevel=1 -Dspring.output.ansi.enabled=always -Dcom.sun.management.jmxremote -Dspring.jmx.enabled=true -Dspring.liveBeansView.mbeanDomain -Dspring.application.admin.enabled=true -Dmanagement.endpoints.jmx.exposure.include=* -javaagent:C:\Program Files\JetBrains\IntelliJ IDEA 2023.2.2\lib\idea_rt.jar=64942:C:\Program Files\JetBrains\IntelliJ IDEA 2023.2.2\bin -Dfile.encoding=UTF-8 -Dsun.stdout.encoding=UTF-8 -Dsun.stderr.encoding=UTF-8 
java_command: it.unisa.HAYT.HaytApplication
java_class_path (initial): C:\Users\fsess\OneDrive\Desktop\HAYT-HowAreYouToday\HAYT\target\classes;C:\Users\fsess\.m2\repository\org\springframework\boot\spring-boot-starter-data-jpa\3.4.2\spring-boot-starter-data-jpa-3.4.2.jar;C:\Users\fsess\.m2\repository\org\springframework\boot\spring-boot-starter\3.4.2\spring-boot-starter-3.4.2.jar;C:\Users\fsess\.m2\repository\org\springframework\boot\spring-boot\3.4.2\spring-boot-3.4.2.jar;C:\Users\fsess\.m2\repository\org\springframework\boot\spring-boot-autoconfigure\3.4.2\spring-boot-autoconfigure-3.4.2.jar;C:\Users\fsess\.m2\repository\org\springframework\boot\spring-boot-starter-logging\3.4.2\spring-boot-starter-logging-3.4.2.jar;C:\Users\fsess\.m2\repository\ch\qos\logback\logback-classic\1.5.16\logback-classic-1.5.16.jar;C:\Users\fsess\.m2\repository\ch\qos\logback\logback-core\1.5.16\logback-core-1.5.16.jar;C:\Users\fsess\.m2\repository\org\apache\logging\log4j\log4j-to-slf4j\2.24.3\log4j-to-slf4j-2.24.3.jar;C:\Users\fsess\.m2\repository\org\apache\logging\log4j\log4j-api\2.24.3\log4j-api-2.24.3.jar;C:\Users\fsess\.m2\repository\org\slf4j\jul-to-slf4j\2.0.16\jul-to-slf4j-2.0.16.jar;C:\Users\fsess\.m2\repository\jakarta\annotation\jakarta.annotation-api\2.1.1\jakarta.annotation-api-2.1.1.jar;C:\Users\fsess\.m2\repository\org\yaml\snakeyaml\2.3\snakeyaml-2.3.jar;C:\Users\fsess\.m2\repository\org\springframework\boot\spring-boot-starter-jdbc\3.4.2\spring-boot-starter-jdbc-3.4.2.jar;C:\Users\fsess\.m2\repository\com\zaxxer\HikariCP\5.1.0\HikariCP-5.1.0.jar;C:\Users\fsess\.m2\repository\org\springframework\spring-jdbc\6.2.2\spring-jdbc-6.2.2.jar;C:\Users\fsess\.m2\repository\org\hibernate\orm\hibernate-core\6.6.5.Final\hibernate-core-6.6.5.Final.jar;C:\Users\fsess\.m2\repository\jakarta\persistence\jakarta.persistence-api\3.1.0\jakarta.persistence-api-3.1.0.jar;C:\Users\fsess\.m2\repository\jakarta\transaction\jakarta.transaction-api\2.0.1\jakarta.transaction-api-2.0.1.jar;C:\Users\fsess\.m2\repository\org\jboss\logging\jboss-logging\3.6.1.Final\jboss-logging-3.6.1.Final.jar;C:\Users\fsess\.m2\repository\org\hibernate\common\hibernate-commons-annotations\7.0.3.Final\hibernate-commons-annotations-7.0.3.Final.jar;C:\Users\fsess\.m2\repository\io\smallrye\jandex\3.2.0\jandex-3.2.0.jar;C:\Users\fsess\.m2\repository\com\fasterxml\classmate\1.7.0\classmate-1.7.0.jar;C:\Users\fsess\.m2\repository\net\bytebuddy\byte-buddy\1.15.11\byte-buddy-1.15.11.jar;C:\Users\fsess\.m2\repository\org\glassfish\jaxb\jaxb-runtime\4.0.5\jaxb-runtime-4.0.5.jar;C:\Users\fsess\.m2\repository\org\glassfish\jaxb\jaxb-core\4.0.5\jaxb-core-4.0.5.jar;C:\Users\fsess\.m2\repository\org\eclipse\angus\angus-activation\2.0.2\angus-activation-2.0.2.jar;C:\Users\fsess\.m2\repository\org\glassfish\jaxb\txw2\4.0.5\txw2-4.0.5.jar;C:\Users\fsess\.m2\repository\com\sun\istack\istack-commons-runtime\4.1.2\istack-commons-runtime-4.1.2.jar;C:\Users\fsess\.m2\repository\jakarta\inject\jakarta.inject-api\2.0.1\jakarta.inject-api-2.0.1.jar;C:\Users\fsess\.m2\repository\org\antlr\antlr4-runtime\4.13.0\antlr4-runtime-4.13.0.jar;C:\Users\fsess\.m2\repository\org\springframework\data\spring-data-jpa\3.4.2\spring-data-jpa-3.4.2.jar;C:\Users\fsess\.m2\repository\org\springframework\data\spring-data-commons\3.4.2\spring-data-commons-3.4.2.jar;C:\Users\fsess\.m2\repository\org\springframework\spring-orm\6.2.2\spring-orm-6.2.2.jar;C:\Users\fsess\.m2\repository\org\springframework\spring-context\6.2.2\spring-context-6.2.2.jar;C:\Users\fsess\.m2\repository\org\springframework\spring-aop\6.2.2\spring-aop-6.2.2.jar;C:\Users\fsess\.m2\repository\org\springframework\spring-tx\6.2.2\spring-tx-6.2.2.jar;C:\Users\fsess\.m2\repository\org\springframework\spring-beans\6.2.2\spring-beans-6.2.2.jar;C:\Users\fsess\.m2\repository\org\slf4j\slf4j-api\2.0.16\slf4j-api-2.0.16.jar;C:\Users\fsess\.m2\repository\org\springframework\spring-aspects\6.2.2\spring-aspects-6.2.2.jar;C:\Users\fsess\.m2\repository\org\aspectj\aspectjweaver\1.9.22.1\aspectjweaver-1.9.22.1.jar;C:\Users\fsess\.m2\repository\org\springframework\boot\spring-boot-starter-thymeleaf\3.4.2\spring-boot-starter-thymeleaf-3.4.2.jar;C:\Users\fsess\.m2\repository\org\thymeleaf\thymeleaf-spring6\3.1.3.RELEASE\thymeleaf-spring6-3.1.3.RELEASE.jar;C:\Users\fsess\.m2\repository\org\thymeleaf\thymeleaf\3.1.3.RELEASE\thymeleaf-3.1.3.RELEASE.jar;C:\Users\fsess\.m2\repository\org\attoparser\attoparser\2.0.7.RELEASE\attoparser-2.0.7.RELEASE.jar;C:\Users\fsess\.m2\repository\org\unbescape\unbescape\1.1.6.RELEASE\unbescape-1.1.6.RELEASE.jar;C:\Users\fsess\.m2\repository\org\springframework\boot\spring-boot-starter-web\3.4.2\spring-boot-starter-web-3.4.2.jar;C:\Users\fsess\.m2\repository\org\springframework\boot\spring-boot-starter-json\3.4.2\spring-boot-starter-json-3.4.2.jar;C:\Users\fsess\.m2\repository\com\fasterxml\jackson\core\jackson-databind\2.18.2\jackson-databind-2.18.2.jar;C:\Users\fsess\.m2\repository\com\fasterxml\jackson\core\jackson-annotations\2.18.2\jackson-annotations-2.18.2.jar;C:\Users\fsess\.m2\repository\com\fasterxml\jackson\core\jackson-core\2.18.2\jackson-core-2.18.2.jar;C:\Users\fsess\.m2\repository\com\fasterxml\jackson\datatype\jackson-datatype-jdk8\2.18.2\jackson-datatype-jdk8-2.18.2.jar;C:\Users\fsess\.m2\repository\com\fasterxml\jackson\datatype\jackson-datatype-jsr310\2.18.2\jackson-datatype-jsr310-2.18.2.jar;C:\Users\fsess\.m2\repository\com\fasterxml\jackson\module\jackson-module-parameter-names\2.18.2\jackson-module-parameter-names-2.18.2.jar;C:\Users\fsess\.m2\repository\org\springframework\boot\spring-boot-starter-tomcat\3.4.2\spring-boot-starter-tomcat-3.4.2.jar;C:\Users\fsess\.m2\repository\org\apache\tomcat\embed\tomcat-embed-core\10.1.34\tomcat-embed-core-10.1.34.jar;C:\Users\fsess\.m2\repository\org\apache\tomcat\embed\tomcat-embed-websocket\10.1.34\tomcat-embed-websocket-10.1.34.jar;C:\Users\fsess\.m2\repository\org\springframework\spring-web\6.2.2\spring-web-6.2.2.jar;C:\Users\fsess\.m2\repository\io\micrometer\micrometer-observation\1.14.3\micrometer-observation-1.14.3.jar;C:\Users\fsess\.m2\repository\io\micrometer\micrometer-commons\1.14.3\micrometer-commons-1.14.3.jar;C:\Users\fsess\.m2\repository\org\springframework\spring-webmvc\6.2.2\spring-webmvc-6.2.2.jar;C:\Users\fsess\.m2\repository\org\springframework\spring-expression\6.2.2\spring-expression-6.2.2.jar;C:\Users\fsess\.m2\repository\com\mysql\mysql-connector-j\8.0.33\mysql-connector-j-8.0.33.jar;C:\Users\fsess\.m2\repository\org\projectlombok\lombok\1.18.36\lombok-1.18.36.jar;C:\Users\fsess\.m2\repository\jakarta\xml\bind\jakarta.xml.bind-api\4.0.2\jakarta.xml.bind-api-4.0.2.jar;C:\Users\fsess\.m2\repository\jakarta\activation\jakarta.activation-api\2.1.3\jakarta.activation-api-2.1.3.jar;C:\Users\fsess\.m2\repository\org\springframework\spring-core\6.2.2\spring-core-6.2.2.jar;C:\Users\fsess\.m2\repository\org\springframework\spring-jcl\6.2.2\spring-jcl-6.2.2.jar;C:\Users\fsess\.m2\repository\org\springframework\boot\spring-boot-starter-validation\3.4.2\spring-boot-starter-validation-3.4.2.jar;C:\Users\fsess\.m2\repository\org\apache\tomcat\embed\tomcat-embed-el\10.1.34\tomcat-embed-el-10.1.34.jar;C:\Users\fsess\.m2\repository\org\hibernate\validator\hibernate-validator\8.0.2.Final\hibernate-validator-8.0.2.Final.jar;C:\Users\fsess\.m2\repository\jakarta\validation\jakarta.validation-api\3.0.2\jakarta.validation-api-3.0.2.jar
Launcher Type: SUN_STANDARD

[Global flags]
     intx CICompilerCount                          = 12                                        {product} {ergonomic}
     uint ConcGCThreads                            = 3                                         {product} {ergonomic}
     uint G1ConcRefinementThreads                  = 13                                        {product} {ergonomic}
   size_t G1HeapRegionSize                         = 2097152                                   {product} {ergonomic}
    uintx GCDrainStackTargetSize                   = 64                                        {product} {ergonomic}
   size_t InitialHeapSize                          = 257949696                                 {product} {ergonomic}
     bool ManagementServer                         = true                                      {product} {command line}
   size_t MarkStackSize                            = 4194304                                   {product} {ergonomic}
   size_t MaxHeapSize                              = 4114612224                                {product} {ergonomic}
   size_t MaxNewSize                               = 2468347904                                {product} {ergonomic}
   size_t MinHeapDeltaBytes                        = 2097152                                   {product} {ergonomic}
   size_t MinHeapSize                              = 8388608                                   {product} {ergonomic}
    uintx NonNMethodCodeHeapSize                   = 4096                                   {pd product} {ergonomic}
    uintx NonProfiledCodeHeapSize                  = 0                                      {pd product} {ergonomic}
     bool ProfileInterpreter                       = false                                  {pd product} {command line}
    uintx ProfiledCodeHeapSize                     = 0                                      {pd product} {ergonomic}
   size_t SoftMaxHeapSize                          = 4114612224                             {manageable} {ergonomic}
     intx TieredStopAtLevel                        = 1                                         {product} {command line}
     bool UseCompressedOops                        = true                           {product lp64_product} {ergonomic}
     bool UseG1GC                                  = true                                      {product} {ergonomic}
     bool UseLargePagesIndividualAllocation        = false                                  {pd product} {ergonomic}

Logging:
Log output configuration:
 #0: stdout all=warning uptime,level,tags foldmultilines=false
 #1: stderr all=off uptime,level,tags foldmultilines=false

Environment Variables:
JAVA_HOME=C:\Program Files\Java\jdk-21
PATH=C:\Program Files\Java\jdk-21\bin;C:\Users\fsess\AppData\Local\Programs\Python\Python38\Scripts\;C:\Users\fsess\AppData\Local\Programs\Python\Python38\;C:\Program Files\Python38\Scripts\;C:\Program Files\Python38\;C:\Program Files\Common Files\Oracle\Java\javapath;C:\Program Files (x86)\Common Files\Oracle\Java\java8path;C:\Program Files (x86)\Common Files\Oracle\Java\javapath;C:\WINDOWS\system32;C:\WINDOWS;C:\WINDOWS\System32\Wbem;C:\WINDOWS\System32\WindowsPowerShell\v1.0\;C:\WINDOWS\System32\OpenSSH\;C:\MinGW\bin;C:\MinGW\msys\1.0\bin;C:\Users\fsess\OneDrive\Desktop\apache-maven-3.8.6\bin;C:\Program Files\dotnet\;C:\Program Files\Git\cmd;C:\Program Files\HP\HP One Agent;C:\Program Files\Maven\apache-maven-3.8.6\bin;C:\Program Files\PowerShell\7\;C:\Program Files\MySQL\MySQL Shell 8.0\bin\;C:\Users\fsess\AppData\Local\Programs\Microsoft VS Code\bin;C:\src\flutter\bin;
USERNAME=Fabio
OS=Windows_NT
PROCESSOR_IDENTIFIER=AMD64 Family 23 Model 104 Stepping 1, AuthenticAMD
TMP=C:\Users\fsess\AppData\Local\Temp
TEMP=C:\Users\fsess\AppData\Local\Temp




Periodic native trim disabled

---------------  S Y S T E M  ---------------

OS:
 Windows 11 , 64 bit Build 22621 (10.0.22621.4391)
OS uptime: 0 days 4:40 hours

CPU: total 16 (initial active 16) (16 cores per cpu, 2 threads per core) family 23 model 104 stepping 1 microcode 0x0, cx8, cmov, fxsr, ht, mmx, 3dnowpref, sse, sse2, sse3, ssse3, sse4a, sse4.1, sse4.2, popcnt, lzcnt, tsc, tscinvbit, avx, avx2, aes, clmul, bmi1, bmi2, adx, sha, fma, vzeroupper, clflush, clflushopt, rdtscp, rdpid, f16c
Processor Information for all 16 processors :
  Max Mhz: 1801, Current Mhz: 1801, Mhz Limit: 1801

Memory: 4k page, system-wide physical 15693M (4001M free)
TotalPageFile size 16717M (AvailPageFile size 4M)
current process WorkingSet (physical memory assigned to process): 84M, peak: 84M
current process commit charge ("private bytes"): 356M, peak: 356M

vm_info: Java HotSpot(TM) 64-Bit Server VM (21.0.1+12-LTS-29) for windows-amd64 JRE (21.0.1+12-LTS-29), built on 2023-10-05T13:27:09Z by "mach5one" with MS VC++ 17.1 (VS2022)

END.
